

Version:	3.50
CmdLine:	C:\Users\Utilisateur\Desktop\Projet\Projet-de-Genie-Logiciel\PPE_FULL\Executable\Energo Sphere.exe --l4j-debug
JNI:		No
WOW64:		Yes
Create mutex:	Energo Sphere.exe
Working dir:	C:\Users\Utilisateur\Desktop\Projet\Projet-de-Genie-Logiciel\PPE_FULL\Executable\.
Requires JDK:	No
Requires 64-Bit: No
Java min ver:	
Java max ver:	
JRE paths:	JRE
Check launcher:	C:\Users\Utilisateur\Desktop\Projet\Projet-de-Genie-Logiciel\PPE_FULL\Executable\JRE\bin\javaw.exe (OK)
Version string: 1.017.000_006 / 64-Bit (OK)
Launcher:	C:\Users\Utilisateur\Desktop\Projet\Projet-de-Genie-Logiciel\PPE_FULL\Executable\JRE\bin\javaw.exe
Launcher args:	-jar "C:\Users\Utilisateur\Desktop\Projet\Projet-de-Genie-Logiciel\PPE_FULL\Executable\Energo Sphere.exe"
Args length:	105/32768 chars
Exit code:	0


Version:	3.50
CmdLine:	C:\Users\Utilisateur\Desktop\Projet\Projet-de-Genie-Logiciel\PPE_FULL\Executable\Energo Sphere.exe --l4j-debug
JNI:		No
WOW64:		Yes
Create mutex:	Energo Sphere.exe
Working dir:	C:\Users\Utilisateur\Desktop\Projet\Projet-de-Genie-Logiciel\PPE_FULL\Executable\.
Requires JDK:	No
Requires 64-Bit: No
Java min ver:	
Java max ver:	
JRE paths:	JRE
Check launcher:	C:\Users\Utilisateur\Desktop\Projet\Projet-de-Genie-Logiciel\PPE_FULL\Executable\JRE\bin\javaw.exe (OK)
Version string: 1.017.000_006 / 64-Bit (OK)
Launcher:	C:\Users\Utilisateur\Desktop\Projet\Projet-de-Genie-Logiciel\PPE_FULL\Executable\JRE\bin\javaw.exe
Launcher args:	-jar "C:\Users\Utilisateur\Desktop\Projet\Projet-de-Genie-Logiciel\PPE_FULL\Executable\Energo Sphere.exe"
Args length:	105/32768 chars
Error msg:	An error occurred while starting the application.


Version:	3.50
CmdLine:	C:\Users\Utilisateur\Desktop\Projet\Projet-de-Genie-Logiciel\PPE_FULL\Executable\Energo Sphere.exe --l4j-debug
JNI:		No
WOW64:		Yes
Create mutex:	Energo Sphere.exe
Working dir:	C:\Users\Utilisateur\Desktop\Projet\Projet-de-Genie-Logiciel\PPE_FULL\Executable\.
Requires JDK:	No
Requires 64-Bit: No
Java min ver:	
Java max ver:	
JRE paths:	JRE
Check launcher:	C:\Users\Utilisateur\Desktop\Projet\Projet-de-Genie-Logiciel\PPE_FULL\Executable\JRE\bin\javaw.exe (OK)
Version string: 1.017.000_006 / 64-Bit (OK)
Launcher:	C:\Users\Utilisateur\Desktop\Projet\Projet-de-Genie-Logiciel\PPE_FULL\Executable\JRE\bin\javaw.exe
Launcher args:	-jar "C:\Users\Utilisateur\Desktop\Projet\Projet-de-Genie-Logiciel\PPE_FULL\Executable\Energo Sphere.exe"
Args length:	105/32768 chars
Error msg:	An error occurred while starting the application.


Version:	3.50
CmdLine:	C:\Users\Utilisateur\Desktop\Projet\Projet-de-Genie-Logiciel\PPE_FULL\Executable\Energo Sphere.exe --l4j-debug
JNI:		No
WOW64:		Yes
Create mutex:	Energo Sphere.exe
Working dir:	C:\Users\Utilisateur\Desktop\Projet\Projet-de-Genie-Logiciel\PPE_FULL\Executable\.
Requires JDK:	No
Requires 64-Bit: No
Java min ver:	
Java max ver:	
JRE paths:	JRE
Check launcher:	C:\Users\Utilisateur\Desktop\Projet\Projet-de-Genie-Logiciel\PPE_FULL\Executable\JRE\bin\javaw.exe (OK)
Version string: 1.017.000_006 / 64-Bit (OK)
Launcher:	C:\Users\Utilisateur\Desktop\Projet\Projet-de-Genie-Logiciel\PPE_FULL\Executable\JRE\bin\javaw.exe
Launcher args:	-jar "C:\Users\Utilisateur\Desktop\Projet\Projet-de-Genie-Logiciel\PPE_FULL\Executable\Energo Sphere.exe"
Args length:	105/32768 chars
Exit code:	0
